<?xml version="1.0" encoding="UTF-8"?><testsuite errors="0" failures="0" name="io.swagger.petstore.petstoreinfo.PetCRUDTestWithSteps" skipped="0" tests="4" time="11.32" timestamp="2023-01-05T13:16:13.967Z[Europe/London]"><testcase classname="io.swagger.petstore.petstoreinfo.PetCRUDTestWithSteps" name="This will create a new petID"/><testcase classname="io.swagger.petstore.petstoreinfo.PetCRUDTestWithSteps" name="verify if pet added to the application"/><testcase classname="io.swagger.petstore.petstoreinfo.PetCRUDTestWithSteps" name="Update the pet information and verify the updated information"/><testcase classname="io.swagger.petstore.petstoreinfo.PetCRUDTestWithSteps" name="Delete the pet and verify if the user is deleted!"/></testsuite>